Copyright 1986-2021 Xilinx, Inc. All Rights Reserved.
-----------------------------------------------------------------------------------------------------------------------------------------------------------------------------------
| Tool Version : Vivado v.2021.2 (lin64) Build 3367213 Tue Oct 19 02:47:39 MDT 2021
| Date         : Mon May  1 16:41:53 2023
| Host         : multipro-r1p2 running 64-bit unknown
| Command      : report_methodology -file program_counter_methodology_drc_routed.rpt -pb program_counter_methodology_drc_routed.pb -rpx program_counter_methodology_drc_routed.rpx
| Design       : program_counter
| Device       : xc7z020clg484-1
| Speed File   : -1
| Design State : Fully Routed
-----------------------------------------------------------------------------------------------------------------------------------------------------------------------------------

Report Methodology

Table of Contents
-----------------
1. REPORT SUMMARY
2. REPORT DETAILS

1. REPORT SUMMARY
-----------------
            Netlist: netlist
          Floorplan: checkpoint_program_counter
      Design limits: <entire design considered>
             Max violations: <unlimited>
             Violations found: 67
+-----------+----------+-------------------------------+------------+
| Rule      | Severity | Description                   | Violations |
+-----------+----------+-------------------------------+------------+
| TIMING-18 | Warning  | Missing input or output delay | 67         |
+-----------+----------+-------------------------------+------------+

2. REPORT DETAILS
-----------------
TIMING-18#1 Warning
Missing input or output delay  
An input delay is missing on enable relative to clock(s) clock
Related violations: <none>

TIMING-18#2 Warning
Missing input or output delay  
An input delay is missing on jump_register[0] relative to clock(s) clock
Related violations: <none>

TIMING-18#3 Warning
Missing input or output delay  
An input delay is missing on jump_register[10] relative to clock(s) clock
Related violations: <none>

TIMING-18#4 Warning
Missing input or output delay  
An input delay is missing on jump_register[11] relative to clock(s) clock
Related violations: <none>

TIMING-18#5 Warning
Missing input or output delay  
An input delay is missing on jump_register[12] relative to clock(s) clock
Related violations: <none>

TIMING-18#6 Warning
Missing input or output delay  
An input delay is missing on jump_register[13] relative to clock(s) clock
Related violations: <none>

TIMING-18#7 Warning
Missing input or output delay  
An input delay is missing on jump_register[14] relative to clock(s) clock
Related violations: <none>

TIMING-18#8 Warning
Missing input or output delay  
An input delay is missing on jump_register[15] relative to clock(s) clock
Related violations: <none>

TIMING-18#9 Warning
Missing input or output delay  
An input delay is missing on jump_register[16] relative to clock(s) clock
Related violations: <none>

TIMING-18#10 Warning
Missing input or output delay  
An input delay is missing on jump_register[17] relative to clock(s) clock
Related violations: <none>

TIMING-18#11 Warning
Missing input or output delay  
An input delay is missing on jump_register[18] relative to clock(s) clock
Related violations: <none>

TIMING-18#12 Warning
Missing input or output delay  
An input delay is missing on jump_register[19] relative to clock(s) clock
Related violations: <none>

TIMING-18#13 Warning
Missing input or output delay  
An input delay is missing on jump_register[1] relative to clock(s) clock
Related violations: <none>

TIMING-18#14 Warning
Missing input or output delay  
An input delay is missing on jump_register[20] relative to clock(s) clock
Related violations: <none>

TIMING-18#15 Warning
Missing input or output delay  
An input delay is missing on jump_register[21] relative to clock(s) clock
Related violations: <none>

TIMING-18#16 Warning
Missing input or output delay  
An input delay is missing on jump_register[22] relative to clock(s) clock
Related violations: <none>

TIMING-18#17 Warning
Missing input or output delay  
An input delay is missing on jump_register[23] relative to clock(s) clock
Related violations: <none>

TIMING-18#18 Warning
Missing input or output delay  
An input delay is missing on jump_register[24] relative to clock(s) clock
Related violations: <none>

TIMING-18#19 Warning
Missing input or output delay  
An input delay is missing on jump_register[25] relative to clock(s) clock
Related violations: <none>

TIMING-18#20 Warning
Missing input or output delay  
An input delay is missing on jump_register[26] relative to clock(s) clock
Related violations: <none>

TIMING-18#21 Warning
Missing input or output delay  
An input delay is missing on jump_register[27] relative to clock(s) clock
Related violations: <none>

TIMING-18#22 Warning
Missing input or output delay  
An input delay is missing on jump_register[28] relative to clock(s) clock
Related violations: <none>

TIMING-18#23 Warning
Missing input or output delay  
An input delay is missing on jump_register[29] relative to clock(s) clock
Related violations: <none>

TIMING-18#24 Warning
Missing input or output delay  
An input delay is missing on jump_register[2] relative to clock(s) clock
Related violations: <none>

TIMING-18#25 Warning
Missing input or output delay  
An input delay is missing on jump_register[30] relative to clock(s) clock
Related violations: <none>

TIMING-18#26 Warning
Missing input or output delay  
An input delay is missing on jump_register[31] relative to clock(s) clock
Related violations: <none>

TIMING-18#27 Warning
Missing input or output delay  
An input delay is missing on jump_register[3] relative to clock(s) clock
Related violations: <none>

TIMING-18#28 Warning
Missing input or output delay  
An input delay is missing on jump_register[4] relative to clock(s) clock
Related violations: <none>

TIMING-18#29 Warning
Missing input or output delay  
An input delay is missing on jump_register[5] relative to clock(s) clock
Related violations: <none>

TIMING-18#30 Warning
Missing input or output delay  
An input delay is missing on jump_register[6] relative to clock(s) clock
Related violations: <none>

TIMING-18#31 Warning
Missing input or output delay  
An input delay is missing on jump_register[7] relative to clock(s) clock
Related violations: <none>

TIMING-18#32 Warning
Missing input or output delay  
An input delay is missing on jump_register[8] relative to clock(s) clock
Related violations: <none>

TIMING-18#33 Warning
Missing input or output delay  
An input delay is missing on jump_register[9] relative to clock(s) clock
Related violations: <none>

TIMING-18#34 Warning
Missing input or output delay  
An input delay is missing on load_data relative to clock(s) clock
Related violations: <none>

TIMING-18#35 Warning
Missing input or output delay  
An input delay is missing on reset relative to clock(s) clock
Related violations: <none>

TIMING-18#36 Warning
Missing input or output delay  
An output delay is missing on program_ctr[0] relative to clock(s) clock
Related violations: <none>

TIMING-18#37 Warning
Missing input or output delay  
An output delay is missing on program_ctr[10] relative to clock(s) clock
Related violations: <none>

TIMING-18#38 Warning
Missing input or output delay  
An output delay is missing on program_ctr[11] relative to clock(s) clock
Related violations: <none>

TIMING-18#39 Warning
Missing input or output delay  
An output delay is missing on program_ctr[12] relative to clock(s) clock
Related violations: <none>

TIMING-18#40 Warning
Missing input or output delay  
An output delay is missing on program_ctr[13] relative to clock(s) clock
Related violations: <none>

TIMING-18#41 Warning
Missing input or output delay  
An output delay is missing on program_ctr[14] relative to clock(s) clock
Related violations: <none>

TIMING-18#42 Warning
Missing input or output delay  
An output delay is missing on program_ctr[15] relative to clock(s) clock
Related violations: <none>

TIMING-18#43 Warning
Missing input or output delay  
An output delay is missing on program_ctr[16] relative to clock(s) clock
Related violations: <none>

TIMING-18#44 Warning
Missing input or output delay  
An output delay is missing on program_ctr[17] relative to clock(s) clock
Related violations: <none>

TIMING-18#45 Warning
Missing input or output delay  
An output delay is missing on program_ctr[18] relative to clock(s) clock
Related violations: <none>

TIMING-18#46 Warning
Missing input or output delay  
An output delay is missing on program_ctr[19] relative to clock(s) clock
Related violations: <none>

TIMING-18#47 Warning
Missing input or output delay  
An output delay is missing on program_ctr[1] relative to clock(s) clock
Related violations: <none>

TIMING-18#48 Warning
Missing input or output delay  
An output delay is missing on program_ctr[20] relative to clock(s) clock
Related violations: <none>

TIMING-18#49 Warning
Missing input or output delay  
An output delay is missing on program_ctr[21] relative to clock(s) clock
Related violations: <none>

TIMING-18#50 Warning
Missing input or output delay  
An output delay is missing on program_ctr[22] relative to clock(s) clock
Related violations: <none>

TIMING-18#51 Warning
Missing input or output delay  
An output delay is missing on program_ctr[23] relative to clock(s) clock
Related violations: <none>

TIMING-18#52 Warning
Missing input or output delay  
An output delay is missing on program_ctr[24] relative to clock(s) clock
Related violations: <none>

TIMING-18#53 Warning
Missing input or output delay  
An output delay is missing on program_ctr[25] relative to clock(s) clock
Related violations: <none>

TIMING-18#54 Warning
Missing input or output delay  
An output delay is missing on program_ctr[26] relative to clock(s) clock
Related violations: <none>

TIMING-18#55 Warning
Missing input or output delay  
An output delay is missing on program_ctr[27] relative to clock(s) clock
Related violations: <none>

TIMING-18#56 Warning
Missing input or output delay  
An output delay is missing on program_ctr[28] relative to clock(s) clock
Related violations: <none>

TIMING-18#57 Warning
Missing input or output delay  
An output delay is missing on program_ctr[29] relative to clock(s) clock
Related violations: <none>

TIMING-18#58 Warning
Missing input or output delay  
An output delay is missing on program_ctr[2] relative to clock(s) clock
Related violations: <none>

TIMING-18#59 Warning
Missing input or output delay  
An output delay is missing on program_ctr[30] relative to clock(s) clock
Related violations: <none>

TIMING-18#60 Warning
Missing input or output delay  
An output delay is missing on program_ctr[31] relative to clock(s) clock
Related violations: <none>

TIMING-18#61 Warning
Missing input or output delay  
An output delay is missing on program_ctr[3] relative to clock(s) clock
Related violations: <none>

TIMING-18#62 Warning
Missing input or output delay  
An output delay is missing on program_ctr[4] relative to clock(s) clock
Related violations: <none>

TIMING-18#63 Warning
Missing input or output delay  
An output delay is missing on program_ctr[5] relative to clock(s) clock
Related violations: <none>

TIMING-18#64 Warning
Missing input or output delay  
An output delay is missing on program_ctr[6] relative to clock(s) clock
Related violations: <none>

TIMING-18#65 Warning
Missing input or output delay  
An output delay is missing on program_ctr[7] relative to clock(s) clock
Related violations: <none>

TIMING-18#66 Warning
Missing input or output delay  
An output delay is missing on program_ctr[8] relative to clock(s) clock
Related violations: <none>

TIMING-18#67 Warning
Missing input or output delay  
An output delay is missing on program_ctr[9] relative to clock(s) clock
Related violations: <none>


